2025-03-28 17:40:55 DEBUG PackageRelationshipCollection:307 - Parsing relationship: /_rels/.rels
2025-03-28 17:40:55 DEBUG POIXMLFactory:65 - using default POIXMLDocumentPart for http://schemas.openxmlformats.org/officeDocument/2006/relationships/printerSettings
2025-03-28 17:40:55 DEBUG PackageRelationshipCollection:307 - Parsing relationship: /xl/_rels/workbook.xml.rels
2025-03-28 17:40:55 DEBUG PackageRelationshipCollection:307 - Parsing relationship: /xl/worksheets/_rels/sheet1.xml.rels
2025-03-28 17:40:55 DEBUG PackageRelationshipCollection:307 - Parsing relationship: /_rels/.rels
2025-03-28 17:40:55 DEBUG POIXMLFactory:65 - using default POIXMLDocumentPart for http://schemas.openxmlformats.org/officeDocument/2006/relationships/printerSettings
2025-03-28 17:40:55 DEBUG PackageRelationshipCollection:307 - Parsing relationship: /xl/_rels/workbook.xml.rels
2025-03-28 17:40:55 DEBUG PackageRelationshipCollection:307 - Parsing relationship: /xl/worksheets/_rels/sheet1.xml.rels
2025-03-28 17:40:55 DEBUG PackageRelationshipCollection:307 - Parsing relationship: /_rels/.rels
2025-03-28 17:40:55 DEBUG POIXMLFactory:65 - using default POIXMLDocumentPart for http://schemas.openxmlformats.org/officeDocument/2006/relationships/printerSettings
2025-03-28 17:40:55 DEBUG PackageRelationshipCollection:307 - Parsing relationship: /xl/_rels/workbook.xml.rels
2025-03-28 17:40:55 DEBUG PackageRelationshipCollection:307 - Parsing relationship: /xl/worksheets/_rels/sheet1.xml.rels
2025-03-28 17:40:55 DEBUG PackageRelationshipCollection:307 - Parsing relationship: /_rels/.rels
2025-03-28 17:40:55 DEBUG POIXMLFactory:65 - using default POIXMLDocumentPart for http://schemas.openxmlformats.org/officeDocument/2006/relationships/printerSettings
2025-03-28 17:40:55 DEBUG PackageRelationshipCollection:307 - Parsing relationship: /xl/_rels/workbook.xml.rels
2025-03-28 17:40:55 DEBUG PackageRelationshipCollection:307 - Parsing relationship: /xl/worksheets/_rels/sheet1.xml.rels
2025-03-28 17:40:55 DEBUG PackageRelationshipCollection:307 - Parsing relationship: /_rels/.rels
2025-03-28 17:40:55 DEBUG POIXMLFactory:65 - using default POIXMLDocumentPart for http://schemas.openxmlformats.org/officeDocument/2006/relationships/printerSettings
2025-03-28 17:40:56 DEBUG PackageRelationshipCollection:307 - Parsing relationship: /xl/_rels/workbook.xml.rels
2025-03-28 17:40:56 DEBUG PackageRelationshipCollection:307 - Parsing relationship: /xl/worksheets/_rels/sheet1.xml.rels
2025-03-28 17:40:56 DEBUG PackageRelationshipCollection:307 - Parsing relationship: /_rels/.rels
2025-03-28 17:40:56 DEBUG POIXMLFactory:65 - using default POIXMLDocumentPart for http://schemas.openxmlformats.org/officeDocument/2006/relationships/printerSettings
2025-03-28 17:40:56 DEBUG PackageRelationshipCollection:307 - Parsing relationship: /xl/_rels/workbook.xml.rels
2025-03-28 17:40:56 DEBUG PackageRelationshipCollection:307 - Parsing relationship: /xl/worksheets/_rels/sheet1.xml.rels
2025-03-28 17:40:56 DEBUG PackageRelationshipCollection:307 - Parsing relationship: /_rels/.rels
2025-03-28 17:40:56 DEBUG POIXMLFactory:65 - using default POIXMLDocumentPart for http://schemas.openxmlformats.org/officeDocument/2006/relationships/printerSettings
2025-03-28 17:40:56 INFO  TC003_Data_LoginTest:22 - Staring TC003_Login_data Driven Started 
2025-03-28 17:40:59 INFO  TC003_Data_LoginTest:65 - Finished TC003_Datadriven_Login  Finished
2025-03-28 17:40:59 INFO  TC003_Data_LoginTest:22 - Staring TC003_Login_data Driven Started 
2025-03-28 17:41:21 INFO  TC003_Data_LoginTest:65 - Finished TC003_Datadriven_Login  Finished
2025-03-28 17:41:21 INFO  TC003_Data_LoginTest:22 - Staring TC003_Login_data Driven Started 
2025-03-28 17:41:43 INFO  TC003_Data_LoginTest:65 - Finished TC003_Datadriven_Login  Finished
2025-03-28 17:41:43 INFO  TC003_Data_LoginTest:22 - Staring TC003_Login_data Driven Started 
2025-03-28 17:41:47 INFO  TC003_Data_LoginTest:65 - Finished TC003_Datadriven_Login  Finished
2025-03-28 17:41:47 INFO  TC003_Data_LoginTest:22 - Staring TC003_Login_data Driven Started 
2025-03-28 17:41:50 INFO  TC003_Data_LoginTest:65 - Finished TC003_Datadriven_Login  Finished
2025-03-28 17:41:50 INFO  TC003_Data_LoginTest:22 - Staring TC003_Login_data Driven Started 
2025-03-28 17:42:12 INFO  TC003_Data_LoginTest:65 - Finished TC003_Datadriven_Login  Finished
2025-03-28 17:44:41 INFO  TC001_AccountRegistrationTest:13 - Staring TC001_AccountRegistration
2025-03-28 17:44:42 INFO  TC001_AccountRegistrationTest:17 - clicked on the myaccount
2025-03-28 17:44:42 INFO  TC001_AccountRegistrationTest:20 - clicked on the Registration
2025-03-28 17:44:45 INFO  TC001_AccountRegistrationTest:43 - TC001 Account Registration TestCase Finished
2025-03-28 17:44:49 INFO  TC002_LoginTest:17 - Staring TC001_Login
2025-03-28 17:44:51 INFO  TC002_LoginTest:32 - Finished TC002_Login Sucess full
2025-03-28 17:44:57 DEBUG PackageRelationshipCollection:307 - Parsing relationship: /xl/_rels/workbook.xml.rels
