2025-03-27 19:12:27 DEBUG POIXMLFactory:65 - using default POIXMLDocumentPart for http://schemas.openxmlformats.org/officeDocument/2006/relationships/printerSettings
2025-03-27 19:12:28 DEBUG PackageRelationshipCollection:307 - Parsing relationship: /xl/_rels/workbook.xml.rels
2025-03-27 19:12:28 DEBUG PackageRelationshipCollection:307 - Parsing relationship: /xl/worksheets/_rels/sheet1.xml.rels
2025-03-27 19:12:28 DEBUG PackageRelationshipCollection:307 - Parsing relationship: /_rels/.rels
2025-03-27 19:12:28 DEBUG POIXMLFactory:65 - using default POIXMLDocumentPart for http://schemas.openxmlformats.org/officeDocument/2006/relationships/printerSettings
2025-03-27 19:12:28 DEBUG PackageRelationshipCollection:307 - Parsing relationship: /xl/_rels/workbook.xml.rels
2025-03-27 19:12:28 DEBUG PackageRelationshipCollection:307 - Parsing relationship: /xl/worksheets/_rels/sheet1.xml.rels
2025-03-27 19:12:28 DEBUG PackageRelationshipCollection:307 - Parsing relationship: /_rels/.rels
2025-03-27 19:12:28 DEBUG POIXMLFactory:65 - using default POIXMLDocumentPart for http://schemas.openxmlformats.org/officeDocument/2006/relationships/printerSettings
2025-03-27 19:12:28 DEBUG PackageRelationshipCollection:307 - Parsing relationship: /xl/_rels/workbook.xml.rels
2025-03-27 19:12:28 DEBUG PackageRelationshipCollection:307 - Parsing relationship: /xl/worksheets/_rels/sheet1.xml.rels
2025-03-27 19:12:28 DEBUG PackageRelationshipCollection:307 - Parsing relationship: /_rels/.rels
2025-03-27 19:12:28 DEBUG POIXMLFactory:65 - using default POIXMLDocumentPart for http://schemas.openxmlformats.org/officeDocument/2006/relationships/printerSettings
2025-03-27 19:12:28 INFO  TC003_Data_LoginTest:22 - Staring TC003_Login_data Driven Started 
2025-03-27 19:12:31 INFO  TC003_Data_LoginTest:65 - Finished TC003_Datadriven_Login  Finished
2025-03-27 19:12:31 INFO  TC003_Data_LoginTest:22 - Staring TC003_Login_data Driven Started 
2025-03-27 19:12:53 INFO  TC003_Data_LoginTest:65 - Finished TC003_Datadriven_Login  Finished
2025-03-27 19:12:53 INFO  TC003_Data_LoginTest:22 - Staring TC003_Login_data Driven Started 
2025-03-27 19:13:15 INFO  TC003_Data_LoginTest:65 - Finished TC003_Datadriven_Login  Finished
2025-03-27 19:13:15 INFO  TC003_Data_LoginTest:22 - Staring TC003_Login_data Driven Started 
2025-03-27 19:13:18 INFO  TC003_Data_LoginTest:65 - Finished TC003_Datadriven_Login  Finished
2025-03-27 19:13:18 INFO  TC003_Data_LoginTest:22 - Staring TC003_Login_data Driven Started 
2025-03-27 19:13:21 INFO  TC003_Data_LoginTest:65 - Finished TC003_Datadriven_Login  Finished
2025-03-27 19:13:21 INFO  TC003_Data_LoginTest:22 - Staring TC003_Login_data Driven Started 
2025-03-27 19:13:43 INFO  TC003_Data_LoginTest:65 - Finished TC003_Datadriven_Login  Finished
