2025-03-28 17:45:28 INFO  TC003_Data_LoginTest:65 - Finished TC003_Datadriven_Login  Finished
2025-03-28 17:45:29 INFO  TC003_Data_LoginTest:22 - Staring TC003_Login_data Driven Started 
2025-03-28 17:45:50 INFO  TC003_Data_LoginTest:65 - Finished TC003_Datadriven_Login  Finished
2025-03-28 17:45:50 INFO  TC003_Data_LoginTest:22 - Staring TC003_Login_data Driven Started 
2025-03-28 17:45:54 INFO  TC003_Data_LoginTest:65 - Finished TC003_Datadriven_Login  Finished
2025-03-28 17:45:54 INFO  TC003_Data_LoginTest:22 - Staring TC003_Login_data Driven Started 
2025-03-28 17:45:57 INFO  TC003_Data_LoginTest:65 - Finished TC003_Datadriven_Login  Finished
2025-03-28 17:45:57 INFO  TC003_Data_LoginTest:22 - Staring TC003_Login_data Driven Started 
2025-03-28 17:46:19 INFO  TC003_Data_LoginTest:65 - Finished TC003_Datadriven_Login  Finished
2025-03-28 17:48:02 INFO  TC001_AccountRegistrationTest:13 - Staring TC001_AccountRegistration
2025-03-28 17:48:04 INFO  TC001_AccountRegistrationTest:17 - clicked on the myaccount
2025-03-28 17:48:05 INFO  TC001_AccountRegistrationTest:20 - clicked on the Registration
2025-03-28 17:48:06 INFO  TC001_AccountRegistrationTest:13 - Staring TC001_AccountRegistration
2025-03-28 17:48:26 ERROR TC001_AccountRegistrationTest:39 - testfailedno such element: Unable to locate element: {"method":"xpath","selector":"//input[@id='input-firstname']"}
  (Session info: MicrosoftEdge=134.0.3124.93)
For documentation on this error, please visit: https://www.selenium.dev/documentation/webdriver/troubleshooting/errors#no-such-element-exception
Build info: version: '4.27.0', revision: 'd6e718d134'
System info: os.name: 'Windows 10', os.arch: 'amd64', os.version: '10.0', java.version: '23.0.1'
Driver info: org.openqa.selenium.remote.RemoteWebDriver
Command: [4b8f670465c5ebeab6b0c4a20cfd531b, findElement {value=//input[@id='input-firstname'], using=xpath}]
Capabilities {acceptInsecureCerts: false, browserName: MicrosoftEdge, browserVersion: 134.0.3124.93, fedcm:accounts: true, ms:edgeOptions: {debuggerAddress: localhost:60251}, msedge: {msedgedriverVersion: 134.0.3124.93 (a9facff5fd6c..., userDataDir: C:\Users\SRIKAN~1\AppData\L...}, networkConnectionEnabled: false, pageLoadStrategy: normal, platformName: Windows 10, proxy: Proxy(), se:bidiEnabled: false, se:cdp: ws://192.168.2.25:4444/sess..., se:cdpVersion: 134.0.3124.93, setWindowRect: true, strictFileInteractability: false, timeouts: {implicit: 0, pageLoad: 300000, script: 30000}, unhandledPromptBehavior: dismiss and notify, webauthn:extension:credBlob: true, webauthn:extension:largeBlob: true, webauthn:extension:minPinLength: true, webauthn:extension:prf: true, webauthn:virtualAuthenticators: true}
Session ID: 4b8f670465c5ebeab6b0c4a20cfd531b
2025-03-28 17:48:26 DEBUG TC001_AccountRegistrationTest:40 - debuglogs
2025-03-28 17:48:26 INFO  TC001_AccountRegistrationTest:17 - clicked on the myaccount
2025-03-28 17:48:27 ERROR TC001_AccountRegistrationTest:39 - testfailedUnable to execute request for an existing session: java.io.IOException: HTTP/1.1 header parser received no bytes
Build info: version: '4.27.0', revision: 'd6e718d134'
System info: os.name: 'Windows 10', os.arch: 'amd64', os.version: '10.0', java.version: '23.0.1'
Driver info: org.openqa.selenium.remote.RemoteWebDriver
Command: [4b8f670465c5ebeab6b0c4a20cfd531b, findElement {value=//a[normalize-space()='Register'], using=xpath}]
Capabilities {acceptInsecureCerts: false, browserName: MicrosoftEdge, browserVersion: 134.0.3124.93, fedcm:accounts: true, ms:edgeOptions: {debuggerAddress: localhost:60251}, msedge: {msedgedriverVersion: 134.0.3124.93 (a9facff5fd6c..., userDataDir: C:\Users\SRIKAN~1\AppData\L...}, networkConnectionEnabled: false, pageLoadStrategy: normal, platformName: Windows 10, proxy: Proxy(), se:bidiEnabled: false, se:cdp: ws://192.168.2.25:4444/sess..., se:cdpVersion: 134.0.3124.93, setWindowRect: true, strictFileInteractability: false, timeouts: {implicit: 0, pageLoad: 300000, script: 30000}, unhandledPromptBehavior: dismiss and notify, webauthn:extension:credBlob: true, webauthn:extension:largeBlob: true, webauthn:extension:minPinLength: true, webauthn:extension:prf: true, webauthn:virtualAuthenticators: true}
Session ID: 4b8f670465c5ebeab6b0c4a20cfd531b
2025-03-28 17:48:27 DEBUG TC001_AccountRegistrationTest:40 - debuglogs
2025-03-28 17:48:32 INFO  TC002_LoginTest:17 - Staring TC001_Login
2025-03-28 17:48:33 INFO  TC002_LoginTest:17 - Staring TC001_Login
