2025-03-25 19:07:00 DEBUG PackageRelationshipCollection:307 - Parsing relationship: /xl/worksheets/_rels/sheet1.xml.rels
2025-03-25 19:07:00 DEBUG PackageRelationshipCollection:307 - Parsing relationship: /_rels/.rels
2025-03-25 19:07:00 DEBUG POIXMLFactory:65 - using default POIXMLDocumentPart for http://schemas.openxmlformats.org/officeDocument/2006/relationships/printerSettings
2025-03-25 19:07:00 DEBUG PackageRelationshipCollection:307 - Parsing relationship: /xl/_rels/workbook.xml.rels
2025-03-25 19:07:00 DEBUG PackageRelationshipCollection:307 - Parsing relationship: /xl/worksheets/_rels/sheet1.xml.rels
2025-03-25 19:07:00 DEBUG PackageRelationshipCollection:307 - Parsing relationship: /_rels/.rels
2025-03-25 19:07:00 DEBUG POIXMLFactory:65 - using default POIXMLDocumentPart for http://schemas.openxmlformats.org/officeDocument/2006/relationships/printerSettings
2025-03-25 19:07:00 DEBUG PackageRelationshipCollection:307 - Parsing relationship: /xl/_rels/workbook.xml.rels
2025-03-25 19:07:00 DEBUG PackageRelationshipCollection:307 - Parsing relationship: /xl/worksheets/_rels/sheet1.xml.rels
2025-03-25 19:07:00 DEBUG PackageRelationshipCollection:307 - Parsing relationship: /_rels/.rels
2025-03-25 19:07:00 DEBUG POIXMLFactory:65 - using default POIXMLDocumentPart for http://schemas.openxmlformats.org/officeDocument/2006/relationships/printerSettings
2025-03-25 19:07:00 DEBUG PackageRelationshipCollection:307 - Parsing relationship: /xl/_rels/workbook.xml.rels
2025-03-25 19:07:00 DEBUG PackageRelationshipCollection:307 - Parsing relationship: /xl/worksheets/_rels/sheet1.xml.rels
2025-03-25 19:07:00 DEBUG PackageRelationshipCollection:307 - Parsing relationship: /_rels/.rels
2025-03-25 19:07:00 DEBUG POIXMLFactory:65 - using default POIXMLDocumentPart for http://schemas.openxmlformats.org/officeDocument/2006/relationships/printerSettings
2025-03-25 19:07:00 DEBUG PackageRelationshipCollection:307 - Parsing relationship: /xl/_rels/workbook.xml.rels
2025-03-25 19:07:00 DEBUG PackageRelationshipCollection:307 - Parsing relationship: /xl/worksheets/_rels/sheet1.xml.rels
2025-03-25 19:07:00 DEBUG PackageRelationshipCollection:307 - Parsing relationship: /_rels/.rels
2025-03-25 19:07:00 DEBUG POIXMLFactory:65 - using default POIXMLDocumentPart for http://schemas.openxmlformats.org/officeDocument/2006/relationships/printerSettings
2025-03-25 19:07:00 DEBUG PackageRelationshipCollection:307 - Parsing relationship: /xl/_rels/workbook.xml.rels
2025-03-25 19:07:00 DEBUG PackageRelationshipCollection:307 - Parsing relationship: /xl/worksheets/_rels/sheet1.xml.rels
2025-03-25 19:07:00 DEBUG PackageRelationshipCollection:307 - Parsing relationship: /_rels/.rels
2025-03-25 19:07:00 DEBUG POIXMLFactory:65 - using default POIXMLDocumentPart for http://schemas.openxmlformats.org/officeDocument/2006/relationships/printerSettings
2025-03-25 19:07:00 DEBUG PackageRelationshipCollection:307 - Parsing relationship: /xl/_rels/workbook.xml.rels
2025-03-25 19:07:00 DEBUG PackageRelationshipCollection:307 - Parsing relationship: /xl/worksheets/_rels/sheet1.xml.rels
2025-03-25 19:07:00 DEBUG PackageRelationshipCollection:307 - Parsing relationship: /_rels/.rels
2025-03-25 19:07:01 DEBUG POIXMLFactory:65 - using default POIXMLDocumentPart for http://schemas.openxmlformats.org/officeDocument/2006/relationships/printerSettings
2025-03-25 19:07:01 DEBUG PackageRelationshipCollection:307 - Parsing relationship: /xl/_rels/workbook.xml.rels
2025-03-25 19:07:01 DEBUG PackageRelationshipCollection:307 - Parsing relationship: /xl/worksheets/_rels/sheet1.xml.rels
2025-03-25 19:07:01 DEBUG PackageRelationshipCollection:307 - Parsing relationship: /_rels/.rels
2025-03-25 19:07:01 DEBUG POIXMLFactory:65 - using default POIXMLDocumentPart for http://schemas.openxmlformats.org/officeDocument/2006/relationships/printerSettings
2025-03-25 19:07:01 INFO  TC003_Data_LoginTest:22 - Staring TC003_Login_data Driven Started 
2025-03-25 19:07:04 INFO  TC003_Data_LoginTest:65 - Finished TC003_Datadriven_Login  Finished
2025-03-25 19:07:04 INFO  TC003_Data_LoginTest:22 - Staring TC003_Login_data Driven Started 
2025-03-25 19:07:25 INFO  TC003_Data_LoginTest:65 - Finished TC003_Datadriven_Login  Finished
2025-03-25 19:07:25 INFO  TC003_Data_LoginTest:22 - Staring TC003_Login_data Driven Started 
2025-03-25 19:07:46 INFO  TC003_Data_LoginTest:65 - Finished TC003_Datadriven_Login  Finished
2025-03-25 19:07:46 INFO  TC003_Data_LoginTest:22 - Staring TC003_Login_data Driven Started 
2025-03-25 19:07:49 INFO  TC003_Data_LoginTest:65 - Finished TC003_Datadriven_Login  Finished
2025-03-25 19:09:30 DEBUG PackageRelationshipCollection:307 - Parsing relationship: /xl/_rels/workbook.xml.rels
2025-03-25 19:09:30 DEBUG PackageRelationshipCollection:307 - Parsing relationship: /xl/worksheets/_rels/sheet1.xml.rels
2025-03-25 19:09:30 DEBUG PackageRelationshipCollection:307 - Parsing relationship: /_rels/.rels
2025-03-25 19:09:30 DEBUG POIXMLFactory:65 - using default POIXMLDocumentPart for http://schemas.openxmlformats.org/officeDocument/2006/relationships/printerSettings
