2025-03-27 16:24:01 DEBUG PackageRelationshipCollection:307 - Parsing relationship: /xl/worksheets/_rels/sheet1.xml.rels
2025-03-27 16:24:01 DEBUG PackageRelationshipCollection:307 - Parsing relationship: /_rels/.rels
2025-03-27 16:24:01 DEBUG POIXMLFactory:65 - using default POIXMLDocumentPart for http://schemas.openxmlformats.org/officeDocument/2006/relationships/printerSettings
2025-03-27 16:24:01 DEBUG PackageRelationshipCollection:307 - Parsing relationship: /xl/_rels/workbook.xml.rels
2025-03-27 16:24:01 DEBUG PackageRelationshipCollection:307 - Parsing relationship: /xl/worksheets/_rels/sheet1.xml.rels
2025-03-27 16:24:01 DEBUG PackageRelationshipCollection:307 - Parsing relationship: /_rels/.rels
2025-03-27 16:24:01 DEBUG POIXMLFactory:65 - using default POIXMLDocumentPart for http://schemas.openxmlformats.org/officeDocument/2006/relationships/printerSettings
2025-03-27 16:24:01 DEBUG PackageRelationshipCollection:307 - Parsing relationship: /xl/_rels/workbook.xml.rels
2025-03-27 16:24:01 DEBUG PackageRelationshipCollection:307 - Parsing relationship: /xl/worksheets/_rels/sheet1.xml.rels
2025-03-27 16:24:01 DEBUG PackageRelationshipCollection:307 - Parsing relationship: /_rels/.rels
2025-03-27 16:24:01 DEBUG POIXMLFactory:65 - using default POIXMLDocumentPart for http://schemas.openxmlformats.org/officeDocument/2006/relationships/printerSettings
2025-03-27 16:24:01 DEBUG PackageRelationshipCollection:307 - Parsing relationship: /xl/_rels/workbook.xml.rels
2025-03-27 16:24:01 DEBUG PackageRelationshipCollection:307 - Parsing relationship: /xl/worksheets/_rels/sheet1.xml.rels
2025-03-27 16:24:01 DEBUG PackageRelationshipCollection:307 - Parsing relationship: /_rels/.rels
2025-03-27 16:24:01 DEBUG POIXMLFactory:65 - using default POIXMLDocumentPart for http://schemas.openxmlformats.org/officeDocument/2006/relationships/printerSettings
2025-03-27 16:24:01 DEBUG PackageRelationshipCollection:307 - Parsing relationship: /xl/_rels/workbook.xml.rels
2025-03-27 16:24:01 DEBUG PackageRelationshipCollection:307 - Parsing relationship: /xl/worksheets/_rels/sheet1.xml.rels
2025-03-27 16:24:01 DEBUG PackageRelationshipCollection:307 - Parsing relationship: /_rels/.rels
2025-03-27 16:24:01 DEBUG POIXMLFactory:65 - using default POIXMLDocumentPart for http://schemas.openxmlformats.org/officeDocument/2006/relationships/printerSettings
2025-03-27 16:24:01 DEBUG PackageRelationshipCollection:307 - Parsing relationship: /xl/_rels/workbook.xml.rels
2025-03-27 16:24:01 DEBUG PackageRelationshipCollection:307 - Parsing relationship: /xl/worksheets/_rels/sheet1.xml.rels
2025-03-27 16:24:01 DEBUG PackageRelationshipCollection:307 - Parsing relationship: /_rels/.rels
2025-03-27 16:24:01 DEBUG POIXMLFactory:65 - using default POIXMLDocumentPart for http://schemas.openxmlformats.org/officeDocument/2006/relationships/printerSettings
2025-03-27 16:24:01 DEBUG PackageRelationshipCollection:307 - Parsing relationship: /xl/_rels/workbook.xml.rels
2025-03-27 16:24:01 DEBUG PackageRelationshipCollection:307 - Parsing relationship: /xl/worksheets/_rels/sheet1.xml.rels
2025-03-27 16:24:01 DEBUG PackageRelationshipCollection:307 - Parsing relationship: /_rels/.rels
2025-03-27 16:24:01 DEBUG POIXMLFactory:65 - using default POIXMLDocumentPart for http://schemas.openxmlformats.org/officeDocument/2006/relationships/printerSettings
2025-03-27 16:24:01 INFO  TC003_Data_LoginTest:22 - Staring TC003_Login_data Driven Started 
2025-03-27 16:24:04 INFO  TC003_Data_LoginTest:65 - Finished TC003_Datadriven_Login  Finished
2025-03-27 16:24:05 INFO  TC003_Data_LoginTest:22 - Staring TC003_Login_data Driven Started 
2025-03-27 16:24:26 INFO  TC003_Data_LoginTest:65 - Finished TC003_Datadriven_Login  Finished
2025-03-27 16:24:27 INFO  TC003_Data_LoginTest:22 - Staring TC003_Login_data Driven Started 
2025-03-27 16:24:48 INFO  TC003_Data_LoginTest:65 - Finished TC003_Datadriven_Login  Finished
2025-03-27 16:24:48 INFO  TC003_Data_LoginTest:22 - Staring TC003_Login_data Driven Started 
2025-03-27 16:24:52 INFO  TC003_Data_LoginTest:65 - Finished TC003_Datadriven_Login  Finished
2025-03-27 16:24:52 INFO  TC003_Data_LoginTest:22 - Staring TC003_Login_data Driven Started 
2025-03-27 16:24:54 INFO  TC003_Data_LoginTest:65 - Finished TC003_Datadriven_Login  Finished
2025-03-27 16:24:55 INFO  TC003_Data_LoginTest:22 - Staring TC003_Login_data Driven Started 
2025-03-27 16:25:16 INFO  TC003_Data_LoginTest:65 - Finished TC003_Datadriven_Login  Finished
2025-03-27 16:53:35 INFO  TC001_AccountRegistrationTest:13 - Staring TC001_AccountRegistration
2025-03-27 16:53:35 INFO  TC001_AccountRegistrationTest:17 - clicked on the myaccount
2025-03-27 16:53:36 INFO  TC001_AccountRegistrationTest:20 - clicked on the Registration
2025-03-27 16:54:03 INFO  TC002_LoginTest:17 - Staring TC001_Login
2025-03-27 16:54:29 DEBUG PackageRelationshipCollection:307 - Parsing relationship: /xl/_rels/workbook.xml.rels
2025-03-27 16:54:29 DEBUG PackageRelationshipCollection:307 - Parsing relationship: /xl/worksheets/_rels/sheet1.xml.rels
