2025-03-25 19:09:31 DEBUG PackageRelationshipCollection:307 - Parsing relationship: /xl/worksheets/_rels/sheet1.xml.rels
2025-03-25 19:09:31 DEBUG PackageRelationshipCollection:307 - Parsing relationship: /_rels/.rels
2025-03-25 19:09:31 DEBUG POIXMLFactory:65 - using default POIXMLDocumentPart for http://schemas.openxmlformats.org/officeDocument/2006/relationships/printerSettings
2025-03-25 19:09:31 DEBUG PackageRelationshipCollection:307 - Parsing relationship: /xl/_rels/workbook.xml.rels
2025-03-25 19:09:31 DEBUG PackageRelationshipCollection:307 - Parsing relationship: /xl/worksheets/_rels/sheet1.xml.rels
2025-03-25 19:09:31 DEBUG PackageRelationshipCollection:307 - Parsing relationship: /_rels/.rels
2025-03-25 19:09:31 DEBUG POIXMLFactory:65 - using default POIXMLDocumentPart for http://schemas.openxmlformats.org/officeDocument/2006/relationships/printerSettings
2025-03-25 19:09:31 DEBUG PackageRelationshipCollection:307 - Parsing relationship: /xl/_rels/workbook.xml.rels
2025-03-25 19:09:31 DEBUG PackageRelationshipCollection:307 - Parsing relationship: /xl/worksheets/_rels/sheet1.xml.rels
2025-03-25 19:09:31 DEBUG PackageRelationshipCollection:307 - Parsing relationship: /_rels/.rels
2025-03-25 19:09:31 DEBUG POIXMLFactory:65 - using default POIXMLDocumentPart for http://schemas.openxmlformats.org/officeDocument/2006/relationships/printerSettings
2025-03-25 19:09:32 DEBUG PackageRelationshipCollection:307 - Parsing relationship: /xl/_rels/workbook.xml.rels
2025-03-25 19:09:32 DEBUG PackageRelationshipCollection:307 - Parsing relationship: /xl/worksheets/_rels/sheet1.xml.rels
2025-03-25 19:09:32 DEBUG PackageRelationshipCollection:307 - Parsing relationship: /_rels/.rels
2025-03-25 19:09:32 DEBUG POIXMLFactory:65 - using default POIXMLDocumentPart for http://schemas.openxmlformats.org/officeDocument/2006/relationships/printerSettings
2025-03-25 19:09:32 DEBUG PackageRelationshipCollection:307 - Parsing relationship: /xl/_rels/workbook.xml.rels
2025-03-25 19:09:32 DEBUG PackageRelationshipCollection:307 - Parsing relationship: /xl/worksheets/_rels/sheet1.xml.rels
2025-03-25 19:09:32 DEBUG PackageRelationshipCollection:307 - Parsing relationship: /_rels/.rels
2025-03-25 19:09:32 DEBUG POIXMLFactory:65 - using default POIXMLDocumentPart for http://schemas.openxmlformats.org/officeDocument/2006/relationships/printerSettings
2025-03-25 19:09:32 DEBUG PackageRelationshipCollection:307 - Parsing relationship: /xl/_rels/workbook.xml.rels
2025-03-25 19:09:32 DEBUG PackageRelationshipCollection:307 - Parsing relationship: /xl/worksheets/_rels/sheet1.xml.rels
2025-03-25 19:09:32 DEBUG PackageRelationshipCollection:307 - Parsing relationship: /_rels/.rels
2025-03-25 19:09:32 DEBUG POIXMLFactory:65 - using default POIXMLDocumentPart for http://schemas.openxmlformats.org/officeDocument/2006/relationships/printerSettings
2025-03-25 19:09:32 DEBUG PackageRelationshipCollection:307 - Parsing relationship: /xl/_rels/workbook.xml.rels
2025-03-25 19:09:32 DEBUG PackageRelationshipCollection:307 - Parsing relationship: /xl/worksheets/_rels/sheet1.xml.rels
2025-03-25 19:09:32 DEBUG PackageRelationshipCollection:307 - Parsing relationship: /_rels/.rels
2025-03-25 19:09:32 DEBUG POIXMLFactory:65 - using default POIXMLDocumentPart for http://schemas.openxmlformats.org/officeDocument/2006/relationships/printerSettings
2025-03-25 19:09:32 DEBUG PackageRelationshipCollection:307 - Parsing relationship: /xl/_rels/workbook.xml.rels
2025-03-25 19:09:32 DEBUG PackageRelationshipCollection:307 - Parsing relationship: /xl/worksheets/_rels/sheet1.xml.rels
2025-03-25 19:09:32 DEBUG PackageRelationshipCollection:307 - Parsing relationship: /_rels/.rels
2025-03-25 19:09:32 DEBUG POIXMLFactory:65 - using default POIXMLDocumentPart for http://schemas.openxmlformats.org/officeDocument/2006/relationships/printerSettings
2025-03-25 19:09:32 DEBUG PackageRelationshipCollection:307 - Parsing relationship: /xl/_rels/workbook.xml.rels
2025-03-25 19:09:32 DEBUG PackageRelationshipCollection:307 - Parsing relationship: /xl/worksheets/_rels/sheet1.xml.rels
2025-03-25 19:09:32 DEBUG PackageRelationshipCollection:307 - Parsing relationship: /_rels/.rels
2025-03-25 19:09:32 DEBUG POIXMLFactory:65 - using default POIXMLDocumentPart for http://schemas.openxmlformats.org/officeDocument/2006/relationships/printerSettings
2025-03-25 19:09:32 INFO  TC003_Data_LoginTest:22 - Staring TC003_Login_data Driven Started 
2025-03-25 19:09:35 INFO  TC003_Data_LoginTest:65 - Finished TC003_Datadriven_Login  Finished
2025-03-25 19:09:35 INFO  TC003_Data_LoginTest:22 - Staring TC003_Login_data Driven Started 
2025-03-25 19:09:56 INFO  TC003_Data_LoginTest:65 - Finished TC003_Datadriven_Login  Finished
2025-03-25 19:09:56 INFO  TC003_Data_LoginTest:22 - Staring TC003_Login_data Driven Started 
2025-03-25 19:10:17 INFO  TC003_Data_LoginTest:65 - Finished TC003_Datadriven_Login  Finished
2025-03-25 19:10:17 INFO  TC003_Data_LoginTest:22 - Staring TC003_Login_data Driven Started 
